

times in msec
 clock   self+sourced   self:  sourced script
 clock   elapsed:              other lines

000.002  000.002: --- VIM STARTING ---
000.053  000.051: Allocated generic buffers
000.289  000.236: locale set
000.298  000.009: window checked
000.592  000.294: inits 1
000.595  000.003: parsing arguments
000.596  000.001: expanding arguments
000.604  000.008: shell init
000.902  000.298: Termcap init
000.913  000.011: inits 2
000.977  000.064: init highlight
001.144  000.115  000.115: sourcing $VIM/vimrc
001.293  000.022  000.022: sourcing /usr/share/vim/vim80/defaults.vim
002.085  000.445  000.445: sourcing /usr/share/vim/vim80/pack/dist/opt/matchit/plugin/matchit.vim
002.106  000.887  000.420: sourcing /usr/share/vim/vim80/vimrc_example.vim
002.297  000.020  000.020: sourcing /usr/share/vim/vim80/ftoff.vim
002.511  000.147  000.147: sourcing /Users/linzi/.vim/vimfiles/bundle/Vundle.Vim/autoload/vundle.vim
002.754  000.162  000.162: sourcing /Users/linzi/.vim/vimfiles/bundle/Vundle.Vim/autoload/vundle/config.vim
021.828  000.093  000.093: sourcing /Users/linzi/.vim/vimfiles/bundle/vim-javascript/ftdetect/javascript.vim
021.952  000.053  000.053: sourcing /Users/linzi/.vim/vimfiles/bundle/vim-vue/ftdetect/vue.vim
022.102  000.056  000.056: sourcing /Users/linzi/.vim/vimfiles/bundle/tern_for_vim/ftdetect/tern.vim
022.406  015.650  015.448: sourcing /usr/share/vim/vim80/filetype.vim
022.709  000.031  000.031: sourcing /usr/share/vim/vim80/ftplugin.vim
022.974  000.029  000.029: sourcing /usr/share/vim/vim80/indent.vim
023.085  020.911  004.872: sourcing /Users/linzi/.vim/.vimrc.bundle
023.737  000.206  000.206: sourcing /usr/share/vim/vim80/syntax/syncolor.vim
034.857  011.577  011.371: sourcing /Users/linzi/.vim/colors/PaperColor.vim
035.148  012.015  000.438: sourcing /Users/linzi/.vim/.vimrc.bundle.config
044.648  000.267  000.267: sourcing /usr/share/vim/vim80/syntax/syncolor.vim
045.339  000.264  000.264: sourcing /usr/share/vim/vim80/syntax/syncolor.vim
055.426  011.369  010.838: sourcing /Users/linzi/.vim/colors/PaperColor.vim
055.518  011.535  000.166: sourcing /usr/share/vim/vim80/syntax/synload.vim
055.544  011.755  000.220: sourcing /usr/share/vim/vim80/syntax/syntax.vim
055.651  020.433  008.678: sourcing /Users/linzi/.vim/.vimrc.config
055.715  000.004  000.004: sourcing /Users/linzi/.vim/autocmd.vim
055.722  054.542  000.292: sourcing $HOME/.vimrc
055.725  000.091: sourcing vimrc file(s)
060.664  004.777  004.777: sourcing /Users/linzi/.vim/vimfiles/bundle/vim-easymotion/plugin/EasyMotion.vim
061.192  000.115  000.115: sourcing /Users/linzi/.vim/vimfiles/bundle/nerdtree/autoload/nerdtree.vim
062.071  000.372  000.372: sourcing /Users/linzi/.vim/vimfiles/bundle/nerdtree/lib/nerdtree/path.vim
062.217  000.090  000.090: sourcing /Users/linzi/.vim/vimfiles/bundle/nerdtree/lib/nerdtree/menu_controller.vim
062.382  000.110  000.110: sourcing /Users/linzi/.vim/vimfiles/bundle/nerdtree/lib/nerdtree/menu_item.vim
062.559  000.092  000.092: sourcing /Users/linzi/.vim/vimfiles/bundle/nerdtree/lib/nerdtree/key_map.vim
062.800  000.192  000.192: sourcing /Users/linzi/.vim/vimfiles/bundle/nerdtree/lib/nerdtree/bookmark.vim
063.035  000.184  000.184: sourcing /Users/linzi/.vim/vimfiles/bundle/nerdtree/lib/nerdtree/tree_file_node.vim
063.399  000.312  000.312: sourcing /Users/linzi/.vim/vimfiles/bundle/nerdtree/lib/nerdtree/tree_dir_node.vim
063.610  000.160  000.160: sourcing /Users/linzi/.vim/vimfiles/bundle/nerdtree/lib/nerdtree/opener.vim
063.838  000.179  000.179: sourcing /Users/linzi/.vim/vimfiles/bundle/nerdtree/lib/nerdtree/creator.vim
063.923  000.035  000.035: sourcing /Users/linzi/.vim/vimfiles/bundle/nerdtree/lib/nerdtree/flag_set.vim
064.071  000.100  000.100: sourcing /Users/linzi/.vim/vimfiles/bundle/nerdtree/lib/nerdtree/nerdtree.vim
064.375  000.249  000.249: sourcing /Users/linzi/.vim/vimfiles/bundle/nerdtree/lib/nerdtree/ui.vim
064.437  000.015  000.015: sourcing /Users/linzi/.vim/vimfiles/bundle/nerdtree/lib/nerdtree/event.vim
064.512  000.030  000.030: sourcing /Users/linzi/.vim/vimfiles/bundle/nerdtree/lib/nerdtree/notifier.vim
064.899  000.333  000.333: sourcing /Users/linzi/.vim/vimfiles/bundle/nerdtree/autoload/nerdtree/ui_glue.vim
076.445  000.075  000.075: sourcing /Users/linzi/.vim/vimfiles/bundle/nerdtree/nerdtree_plugin/exec_menuitem.vim
076.835  000.358  000.358: sourcing /Users/linzi/.vim/vimfiles/bundle/nerdtree/nerdtree_plugin/fs_menu.vim
077.459  016.701  013.700: sourcing /Users/linzi/.vim/vimfiles/bundle/nerdtree/plugin/NERD_tree.vim
077.890  000.185  000.185: sourcing /Users/linzi/.vim/vimfiles/bundle/ctrlp.vim/autoload/ctrlp/mrufiles.vim
078.075  000.547  000.362: sourcing /Users/linzi/.vim/vimfiles/bundle/ctrlp.vim/plugin/ctrlp.vim
078.384  000.125  000.125: sourcing /Users/linzi/.vim/vimfiles/bundle/vim-airline/autoload/airline.vim
078.606  000.094  000.094: sourcing /Users/linzi/.vim/vimfiles/bundle/vim-airline/autoload/airline/init.vim
078.993  000.083  000.083: sourcing /Users/linzi/.vim/vimfiles/bundle/vim-airline/autoload/airline/parts.vim
079.520  001.368  001.066: sourcing /Users/linzi/.vim/vimfiles/bundle/vim-airline/plugin/airline.vim
079.610  000.017  000.017: sourcing /Users/linzi/.vim/vimfiles/bundle/vim-airline-themes/plugin/airline-themes.vim
081.688  002.013  002.013: sourcing /Users/linzi/.vim/vimfiles/bundle/emmet-vim/plugin/emmet.vim
084.740  002.934  002.934: sourcing /Users/linzi/.vim/vimfiles/bundle/vim-fugitive/plugin/fugitive.vim
085.583  000.728  000.728: sourcing /Users/linzi/.vim/vimfiles/bundle/supertab/plugin/supertab.vim
085.867  000.011  000.011: sourcing /Users/linzi/.vim/vimfiles/bundle/syntastic/plugin/syntastic/autoloclist.vim
085.900  000.009  000.009: sourcing /Users/linzi/.vim/vimfiles/bundle/syntastic/plugin/syntastic/balloons.vim
085.931  000.008  000.008: sourcing /Users/linzi/.vim/vimfiles/bundle/syntastic/plugin/syntastic/checker.vim
085.963  000.010  000.010: sourcing /Users/linzi/.vim/vimfiles/bundle/syntastic/plugin/syntastic/cursor.vim
085.993  000.008  000.008: sourcing /Users/linzi/.vim/vimfiles/bundle/syntastic/plugin/syntastic/highlighting.vim
086.024  000.008  000.008: sourcing /Users/linzi/.vim/vimfiles/bundle/syntastic/plugin/syntastic/loclist.vim
086.053  000.008  000.008: sourcing /Users/linzi/.vim/vimfiles/bundle/syntastic/plugin/syntastic/modemap.vim
086.081  000.008  000.008: sourcing /Users/linzi/.vim/vimfiles/bundle/syntastic/plugin/syntastic/notifiers.vim
086.112  000.008  000.008: sourcing /Users/linzi/.vim/vimfiles/bundle/syntastic/plugin/syntastic/registry.vim
086.141  000.008  000.008: sourcing /Users/linzi/.vim/vimfiles/bundle/syntastic/plugin/syntastic/signs.vim
086.796  000.456  000.456: sourcing /Users/linzi/.vim/vimfiles/bundle/syntastic/autoload/syntastic/util.vim
100.748  000.117  000.117: sourcing /Users/linzi/.vim/vimfiles/bundle/syntastic/plugin/syntastic/autoloclist.vim
100.856  000.077  000.077: sourcing /Users/linzi/.vim/vimfiles/bundle/syntastic/plugin/syntastic/balloons.vim
101.179  000.297  000.297: sourcing /Users/linzi/.vim/vimfiles/bundle/syntastic/plugin/syntastic/checker.vim
101.325  000.119  000.119: sourcing /Users/linzi/.vim/vimfiles/bundle/syntastic/plugin/syntastic/cursor.vim
101.452  000.102  000.102: sourcing /Users/linzi/.vim/vimfiles/bundle/syntastic/plugin/syntastic/highlighting.vim
101.910  000.422  000.422: sourcing /Users/linzi/.vim/vimfiles/bundle/syntastic/plugin/syntastic/loclist.vim
102.066  000.130  000.130: sourcing /Users/linzi/.vim/vimfiles/bundle/syntastic/plugin/syntastic/modemap.vim
102.173  000.082  000.082: sourcing /Users/linzi/.vim/vimfiles/bundle/syntastic/plugin/syntastic/notifiers.vim
102.593  000.393  000.393: sourcing /Users/linzi/.vim/vimfiles/bundle/syntastic/plugin/syntastic/registry.vim
102.741  000.122  000.122: sourcing /Users/linzi/.vim/vimfiles/bundle/syntastic/plugin/syntastic/signs.vim
103.911  017.744  015.427: sourcing /Users/linzi/.vim/vimfiles/bundle/syntastic/plugin/syntastic.vim
104.237  000.217  000.217: sourcing /Users/linzi/.vim/vimfiles/bundle/vim-autoformat/plugin/autoformat.vim
104.744  000.479  000.479: sourcing /Users/linzi/.vim/vimfiles/bundle/vim-autoformat/plugin/defaults.vim
104.792  000.021  000.021: sourcing /Users/linzi/.vim/vimfiles/bundle/vim-autoformat/plugin/utils.vim
104.930  000.068  000.068: sourcing /Users/linzi/.vim/vimfiles/bundle/vim-trailing-whitespace/plugin/trailing-whitespace.vim
105.165  000.169  000.169: sourcing /Users/linzi/.vim/vimfiles/bundle/vim-easy-align/plugin/easy_align.vim
105.680  000.448  000.448: sourcing /Users/linzi/.vim/vimfiles/bundle/vim-surround/plugin/surround.vim
106.218  000.462  000.462: sourcing /Users/linzi/.vim/vimfiles/bundle/vim-template/plugin/templates.vim
106.889  000.575  000.575: sourcing /Users/linzi/.vim/vimfiles/bundle/YouCompleteMe/plugin/youcompleteme.vim
110.895  003.912  003.912: sourcing /Users/linzi/.vim/vimfiles/bundle/nerdcommenter/plugin/NERD_commenter.vim
111.262  000.229  000.229: sourcing /Users/linzi/.vim/vimfiles/bundle/TaskList.vim/plugin/tasklist.vim
111.460  000.127  000.127: sourcing /Users/linzi/.vim/vimfiles/bundle/undotree/plugin/undotree.vim
111.630  000.102  000.102: sourcing /Users/linzi/.vim/vimfiles/bundle/mathjax-support-for-mkdp/plugin/mathjax.vim
111.846  000.149  000.149: sourcing /Users/linzi/.vim/vimfiles/bundle/markdown-preview.vim/plugin/mkdp.vim
111.963  000.046  000.046: sourcing /Users/linzi/.vim/vimfiles/bundle/fcitx-vim-osx/plugin/fcitx-osx.vim
112.260  000.050  000.050: sourcing /usr/share/vim/vim80/plugin/getscriptPlugin.vim
112.551  000.252  000.252: sourcing /usr/share/vim/vim80/plugin/gzip.vim
112.777  000.189  000.189: sourcing /usr/share/vim/vim80/plugin/logiPat.vim
112.819  000.010  000.010: sourcing /usr/share/vim/vim80/plugin/manpager.vim
112.991  000.143  000.143: sourcing /usr/share/vim/vim80/plugin/matchparen.vim
113.448  000.422  000.422: sourcing /usr/share/vim/vim80/plugin/netrwPlugin.vim
113.497  000.013  000.013: sourcing /usr/share/vim/vim80/plugin/rrhelper.vim
113.547  000.021  000.021: sourcing /usr/share/vim/vim80/plugin/spellfile.vim
113.690  000.114  000.114: sourcing /usr/share/vim/vim80/plugin/tarPlugin.vim
113.800  000.074  000.074: sourcing /usr/share/vim/vim80/plugin/tohtml.vim
113.954  000.124  000.124: sourcing /usr/share/vim/vim80/plugin/vimballPlugin.vim
114.120  000.133  000.133: sourcing /usr/share/vim/vim80/plugin/zipPlugin.vim
114.232  000.021  000.021: sourcing /usr/share/vim/vim80/pack/dist/opt/matchit/plugin/matchit.vim
114.255  003.045: loading plugins
114.289  000.034: loading packages
114.539  000.250: loading after plugins
114.543  000.004: inits 3
114.801  000.258: reading viminfo
114.823  000.022: setting raw mode
114.829  000.006: start termcap
114.843  000.014: clearing screen
117.196  000.282  000.282: sourcing /Users/linzi/.vim/vimfiles/bundle/vim-airline/autoload/airline/extensions.vim
117.366  000.052  000.052: sourcing /Users/linzi/.vim/vimfiles/bundle/vim-airline/autoload/airline/extensions/quickfix.vim
117.541  000.043  000.043: sourcing /Users/linzi/.vim/vimfiles/bundle/vim-airline/autoload/airline/extensions/netrw.vim
117.724  000.078  000.078: sourcing /Users/linzi/.vim/vimfiles/bundle/vim-airline/autoload/airline/extensions/ctrlp.vim
117.870  000.034  000.034: sourcing /Users/linzi/.vim/vimfiles/bundle/vim-airline/autoload/airline/extensions/undotree.vim
118.246  000.244  000.244: sourcing /Users/linzi/.vim/vimfiles/bundle/vim-airline/autoload/airline/extensions/branch.vim
118.491  000.055  000.055: sourcing /Users/linzi/.vim/vimfiles/bundle/vim-airline/autoload/airline/extensions/syntastic.vim
118.757  000.128  000.128: sourcing /Users/linzi/.vim/vimfiles/bundle/vim-airline/autoload/airline/extensions/whitespace.vim
120.615  000.068  000.068: sourcing /Users/linzi/.vim/vimfiles/bundle/vim-airline/autoload/airline/extensions/wordcount.vim
121.205  000.252  000.252: sourcing /Users/linzi/.vim/vimfiles/bundle/vim-airline/autoload/airline/extensions/tabline.vim
121.393  000.065  000.065: sourcing /Users/linzi/.vim/vimfiles/bundle/vim-airline/autoload/airline/extensions/tabline/autoshow.vim
122.192  000.287  000.287: sourcing /Users/linzi/.vim/vimfiles/bundle/vim-airline/autoload/airline/extensions/tabline/tabs.vim
122.845  000.270  000.270: sourcing /Users/linzi/.vim/vimfiles/bundle/vim-airline/autoload/airline/extensions/tabline/buffers.vim
125.843  000.079  000.079: sourcing /Users/linzi/.vim/vimfiles/bundle/vim-airline/autoload/airline/section.vim
126.200  000.203  000.203: sourcing /Users/linzi/.vim/vimfiles/bundle/vim-airline/autoload/airline/highlighter.vim
128.386  000.066  000.066: sourcing /Users/linzi/.vim/vimfiles/bundle/vim-airline/autoload/airline/themes.vim
128.656  000.424  000.358: sourcing /Users/linzi/.vim/vimfiles/bundle/PaperColor.vim/autoload/airline/themes/PaperColor.vim
137.270  000.102  000.102: sourcing /Users/linzi/.vim/vimfiles/bundle/vim-airline/autoload/airline/util.vim
141.519  000.155  000.155: sourcing /Users/linzi/.vim/vimfiles/bundle/vim-airline/autoload/airline/builder.vim
141.862  000.092  000.092: sourcing /Users/linzi/.vim/vimfiles/bundle/vim-airline/autoload/airline/extensions/default.vim
161.378  000.197  000.197: sourcing /Users/linzi/.vim/vimfiles/bundle/syntastic/autoload/syntastic/log.vim
161.415  043.462: opening buffers
162.857  000.873  000.873: sourcing /Users/linzi/.vim/vimfiles/bundle/undotree/autoload/undotree.vim
162.884  000.596: BufEnter autocommands
162.886  000.002: editing files in windows
171.548  000.514  000.514: sourcing /Users/linzi/.vim/vimfiles/bundle/nerdtree/syntax/nerdtree.vim
196.402  000.625  000.625: sourcing /Users/linzi/.vim/vimfiles/bundle/YouCompleteMe/autoload/youcompleteme.vim
356.818  192.793: VimEnter autocommands
356.822  000.004: before starting main loop
357.540  000.210  000.210: sourcing /Users/linzi/.vim/vimfiles/bundle/vim-airline/autoload/airline/extensions/tabline/ctrlspace.vim
357.855  000.052  000.052: sourcing /Users/linzi/.vim/vimfiles/bundle/vim-airline/autoload/airline/extensions/tabline/buflist.vim
358.093  000.059  000.059: sourcing /Users/linzi/.vim/vimfiles/bundle/vim-airline/autoload/airline/extensions/tabline/formatters/default.vim
376.178  019.035: first screen update
376.179  000.001: --- VIM STARTED ---
